Log file D:\Ionic_Polymer_Glove\log\HwManager_0000000012517A50.log created on 2018-07-24 at 02:36:57 PM
System Logging Level = 2
Creating Hardware Manager 0000000012517A50...
Using Plugin folder of D:\Ionic_Polymer_Glove\Read_Reference_Sensor\HwPlugins\
Building factory using searchPath D:\Ionic_Polymer_Glove\Read_Reference_Sensor\HwPlugins\Hw*Lib.dll
Loading HwArrayG2Lib.dll...success!
Loading HWArrayG3Lib.dll...success!
Loading HwD600Lib.dll...success!
Loading HwDigiUsbLib.dll...success!
Loading HWEmulatorLib.dll...success!
Loading HWLoadstarLib.dll...success!
Loading HwMensorLib.dll...success!
Loading HwNidaqLib.dll...success!
Loading HwOmegaTempLib.dll...success!
Loading HwReferenceLib.dll...success!
Loading HWTileLib.dll...success!
Built factory for 11 plugins:
ArrayG2 ArrayG3 D600 DigiUsb Emulator Loadstar Mensor Nidaq OmegaTemp Reference Tile 

Destroying Hardware Manager 0000000012517A50
Factory is purged
