Log file F:\sensorized-glove\Code\PPS Load Cell\PPS API\bin\x86\log\HwManager_012A88E0.log created on 2018-07-13 at 01:18:37 PM
System Logging Level = 2
Creating Hardware Manager 012A88E0...
Using Plugin folder of F:\sensorized-glove\Code\PPS Load Cell\PPS API\bin\x86\HwPlugins\
Building factory using searchPath F:\sensorized-glove\Code\PPS Load Cell\PPS API\bin\x86\HwPlugins\Hw*Lib.dll
Loading HwArrayG2Lib.dll...success!
Loading HWArrayG3Lib.dll...success!
Loading HwD600Lib.dll...success!
Loading HwDigiUsbLib.dll...success!
Loading HWEmulatorLib.dll...success!
Loading HWLoadstarLib.dll...success!
Loading HwMensorLib.dll...success!
Loading HwNidaqLib.dll...success!
Loading HwOmegaTempLib.dll...success!
Loading HwReferenceLib.dll...success!
Loading HWTileLib.dll...success!
Built factory for 11 plugins:
ArrayG2 ArrayG3 D600 DigiUsb Emulator Loadstar Mensor Nidaq OmegaTemp Reference Tile 

Destroying Hardware Manager 012A88E0
Factory is purged
