Log file D:\Abelardo\sensorizedglove\Software\sensorizedglovegui\log\HwManager_000001FA117AAE10.log created on 2017-07-26 at 09:19:40 AM
System Logging Level = 2
Creating Hardware Manager 000001FA117AAE10...
Using Plugin folder of D:\Abelardo\sensorizedglove\Software\sensorizedglovegui\debug\HwPlugins\
Building factory using searchPath D:\Abelardo\sensorizedglove\Software\sensorizedglovegui\debug\HwPlugins\Hw*Lib.dll
Loading HwArrayG2Lib.dll...success!
Loading HWArrayG3Lib.dll...success!
Loading HwD600Lib.dll...success!
Loading HwDigiUsbLib.dll...success!
Loading HWEmulatorLib.dll...success!
Loading HWLoadstarLib.dll...success!
Loading HwMensorLib.dll...success!
Loading HwNidaqLib.dll...success!
Loading HwOmegaTempLib.dll...success!
Loading HwReferenceLib.dll...success!
Loading HWTileLib.dll...success!
Built factory for 11 plugins:
ArrayG2 ArrayG3 D600 DigiUsb Emulator Loadstar Mensor Nidaq OmegaTemp Reference Tile 

Attaching device type Reference from file D:\Abelardo\sensorizedglove\Software\sensorizedglovegui\setup\Reference_hw.txt
3501: Constructor found in factory.
3538: Device created.
4454: Starting acquisition threads...
4454: Device 0: Success. Done
4639: Stopping acquisition thread:Device 0: was already terminated.
4670: Stopping acquisition thread:Device 0: was already terminated.
Destroying Hardware Manager 000001FA117AAE10
Factory is purged
