Log file D:\Abelardo\sensorizedglove\Software\sensorizedglovegui\debug\log\HwManager_000001C26D462A60.log created on 2017-02-23 at 10:49:53 AM
System Logging Level = 2
Creating Hardware Manager 000001C26D462A60...
Using Plugin folder of D:\Abelardo\sensorizedglove\Software\sensorizedglovegui\debug\HwPlugins\
Building factory using searchPath D:\Abelardo\sensorizedglove\Software\sensorizedglovegui\debug\HwPlugins\Hw*Lib.dll
Loading HwArrayG2Lib.dll...success!
Loading HWArrayG3Lib.dll...success!
Loading HwD600Lib.dll...success!
Loading HwDigiUsbLib.dll...success!
Loading HWEmulatorLib.dll...success!
Loading HWLoadstarLib.dll...success!
Loading HwMensorLib.dll...success!
Loading HwNidaqLib.dll...success!
Loading HwOmegaTempLib.dll...success!
Loading HwReferenceLib.dll...success!
Loading HWTileLib.dll...success!
Built factory for 11 plugins:
ArrayG2 ArrayG3 D600 DigiUsb Emulator Loadstar Mensor Nidaq OmegaTemp Reference Tile 

Destroying Hardware Manager 000001C26D462A60
Factory is purged
