Log file F:\Read_Reference_Sensor\log\Document_0000003996F8B4E0.log created on 2018-07-18 at 03:54:20 PM
System Logging Level = 2
Creating default base document 0000003996F8B4E0
Creating new document 0000003996F8B4E0 from F:\Read_Reference_Sensor\setup\Reference.cfg
Parameter::load returned 9
Loading user settings from Reference-set.txt...
Starting hardware creation process for 1 devices
CfgBufferSizes size = 1
Creating a new LiveBuffer with 36000 frames...Using protection size of 20...success.
Setting datalog interval of 0
Creating hardware of type Reference...success.
Loading scales for Buffer 0 from Reference_cal.txt...success with F:\Read_Reference_Sensor\setup\Reference_cal.txt
Adding new buffer to buffergroup.
Loading extraction lists from Reference-ext.txt...error.
Loading 2D vertices from #1 1...success.
Loading Display file from #1 1...success.
Building Virtual Array from DisplayList...done.
Building 2D Geometry...done.
Loading 3D vertices from ...error.
Using 2D vertex info for default 3D display
Creating new selection object...done.
Setting up calibrated ViewScale...done.
Finding maximum raw output...using 1023
Device is calibrated.
Setting up calibrated units...done.
Adding filters to incoming data buffers...
done.
Starting data acquisition...done.
Finished creating new Capture Document
Destroying Capture document 0000003996F8B4E0
Stopping all running hardware...done.
