Log file D:\Ionic_Polymer_Glove\Read_Reference_Sensor\log\HwManager_0000000036907AA0.log created on 2018-07-24 at 10:20:48 AM
System Logging Level = 2
Creating Hardware Manager 0000000036907AA0...
Using Plugin folder of D:\Ionic_Polymer_Glove\Read_Reference_Sensor\HwPlugins\
Building factory using searchPath D:\Ionic_Polymer_Glove\Read_Reference_Sensor\HwPlugins\Hw*Lib.dll
Loading HwArrayG2Lib.dll...success!
Loading HWArrayG3Lib.dll...success!
Loading HwD600Lib.dll...success!
Loading HwDigiUsbLib.dll...success!
Loading HWEmulatorLib.dll...success!
Loading HWLoadstarLib.dll...success!
Loading HwMensorLib.dll...success!
Loading HwNidaqLib.dll...success!
Loading HwOmegaTempLib.dll...success!
Loading HwReferenceLib.dll...success!
Loading HWTileLib.dll...success!
Built factory for 11 plugins:
ArrayG2 ArrayG3 D600 DigiUsb Emulator Loadstar Mensor Nidaq OmegaTemp Reference Tile 

Attaching device type Reference from file D:\Ionic_Polymer_Glove\Read_Reference_Sensor\setup\Reference_hw.txt
370: Constructor found in factory.
389: Device created.
1150: Starting acquisition threads...
1160: Device 0: Success. Done
