Log file F:\Read_Reference_Sensor\log\HwManager_0000003996F8A7F0.log created on 2018-07-18 at 03:54:20 PM
System Logging Level = 2
Creating Hardware Manager 0000003996F8A7F0...
Using Plugin folder of F:\Read_Reference_Sensor\TestPPS_API\bin\x64\HwPlugins\
Building factory using searchPath F:\Read_Reference_Sensor\TestPPS_API\bin\x64\HwPlugins\Hw*Lib.dll
Loading HwArrayG2Lib.dll...success!
Loading HWArrayG3Lib.dll...success!
Loading HwD600Lib.dll...success!
Loading HwDigiUsbLib.dll...success!
Loading HWEmulatorLib.dll...success!
Loading HWLoadstarLib.dll...success!
Loading HwMensorLib.dll...success!
Loading HwNidaqLib.dll...success!
Loading HwOmegaTempLib.dll...success!
Loading HwReferenceLib.dll...success!
Loading HWTileLib.dll...success!
Built factory for 11 plugins:
ArrayG2 ArrayG3 D600 DigiUsb Emulator Loadstar Mensor Nidaq OmegaTemp Reference Tile 

Attaching device type Reference from file F:\Read_Reference_Sensor\setup\Reference_hw.txt
850: Constructor found in factory.
910: Device created.
2390: Starting acquisition threads...
2410: Device 0: Success. Done
13684: Stopping acquisition thread:Device 0: is alive. Terminating... done.
Destroying Hardware Manager 0000003996F8A7F0
Factory is purged
