Log file D:\Ionic_Polymer_Glove\Read_Reference_Sensor\log\MainAPI_Log_0000000000000000.log created on 2018-07-24 at 10:20:48 AM
System Logging Level = 2
Root Folder: D:\Ionic_Polymer_Glove\Read_Reference_Sensor\
HwPlugins Folder: D:\Ionic_Polymer_Glove\Read_Reference_Sensor\HwPlugins\
ProcPlugins Folder: D:\Ionic_Polymer_Glove\Read_Reference_Sensor\ProcPlugins\
Given Local Root Folder: 
Local Root Folder: D:\Ionic_Polymer_Glove\Read_Reference_Sensor
Setup Folder: D:\Ionic_Polymer_Glove\Read_Reference_Sensor\setup\
Log Folder: D:\Ionic_Polymer_Glove\Read_Reference_Sensor\log\
Given Version: 1.0.0.0
Root Folder: D:\Ionic_Polymer_Glove\Read_Reference_Sensor\
HwPlugins Folder: D:\Ionic_Polymer_Glove\Read_Reference_Sensor\HwPlugins\
ProcPlugins Folder: D:\Ionic_Polymer_Glove\Read_Reference_Sensor\ProcPlugins\
Given Local Root Folder: 
Local Root Folder: D:\Ionic_Polymer_Glove\Read_Reference_Sensor
Setup Folder: D:\Ionic_Polymer_Glove\Read_Reference_Sensor\setup\
Log Folder: D:\Ionic_Polymer_Glove\Read_Reference_Sensor\log\
Given Version: 1.0.0.0
Root Folder: D:\Ionic_Polymer_Glove\Read_Reference_Sensor\
HwPlugins Folder: D:\Ionic_Polymer_Glove\Read_Reference_Sensor\HwPlugins\
ProcPlugins Folder: D:\Ionic_Polymer_Glove\Read_Reference_Sensor\ProcPlugins\
Given Local Root Folder: 
Local Root Folder: D:\Ionic_Polymer_Glove\Read_Reference_Sensor
Setup Folder: D:\Ionic_Polymer_Glove\Read_Reference_Sensor\setup\
Log Folder: D:\Ionic_Polymer_Glove\Read_Reference_Sensor\log\
Given Version: 1.0.0.0
Root Folder: D:\Ionic_Polymer_Glove\Read_Reference_Sensor\
HwPlugins Folder: D:\Ionic_Polymer_Glove\Read_Reference_Sensor\HwPlugins\
ProcPlugins Folder: D:\Ionic_Polymer_Glove\Read_Reference_Sensor\ProcPlugins\
Given Local Root Folder: 
Local Root Folder: D:\Ionic_Polymer_Glove\Read_Reference_Sensor
Setup Folder: D:\Ionic_Polymer_Glove\Read_Reference_Sensor\setup\
Log Folder: D:\Ionic_Polymer_Glove\Read_Reference_Sensor\log\
Given Version: 1.0.0.0
Root Folder: D:\Ionic_Polymer_Glove\Read_Reference_Sensor\
HwPlugins Folder: D:\Ionic_Polymer_Glove\Read_Reference_Sensor\HwPlugins\
ProcPlugins Folder: D:\Ionic_Polymer_Glove\Read_Reference_Sensor\ProcPlugins\
Given Local Root Folder: 
Local Root Folder: D:\Ionic_Polymer_Glove\Read_Reference_Sensor
Setup Folder: D:\Ionic_Polymer_Glove\Read_Reference_Sensor\setup\
Log Folder: D:\Ionic_Polymer_Glove\Read_Reference_Sensor\log\
Given Version: 1.0.0.0
Root Folder: D:\Ionic_Polymer_Glove\Read_Reference_Sensor\
HwPlugins Folder: D:\Ionic_Polymer_Glove\Read_Reference_Sensor\HwPlugins\
ProcPlugins Folder: D:\Ionic_Polymer_Glove\Read_Reference_Sensor\ProcPlugins\
Given Local Root Folder: 
Local Root Folder: D:\Ionic_Polymer_Glove\Read_Reference_Sensor
Setup Folder: D:\Ionic_Polymer_Glove\Read_Reference_Sensor\setup\
Log Folder: D:\Ionic_Polymer_Glove\Read_Reference_Sensor\log\
Given Version: 1.0.0.0
Root Folder: D:\Ionic_Polymer_Glove\Read_Reference_Sensor\
HwPlugins Folder: D:\Ionic_Polymer_Glove\Read_Reference_Sensor\HwPlugins\
ProcPlugins Folder: D:\Ionic_Polymer_Glove\Read_Reference_Sensor\ProcPlugins\
Given Local Root Folder: 
Local Root Folder: D:\Ionic_Polymer_Glove\Read_Reference_Sensor
Setup Folder: D:\Ionic_Polymer_Glove\Read_Reference_Sensor\setup\
Log Folder: D:\Ionic_Polymer_Glove\Read_Reference_Sensor\log\
Given Version: 1.0.0.0
Root Folder: D:\Ionic_Polymer_Glove\Read_Reference_Sensor\
HwPlugins Folder: D:\Ionic_Polymer_Glove\Read_Reference_Sensor\HwPlugins\
ProcPlugins Folder: D:\Ionic_Polymer_Glove\Read_Reference_Sensor\ProcPlugins\
Given Local Root Folder: 
Local Root Folder: D:\Ionic_Polymer_Glove\Read_Reference_Sensor
Setup Folder: D:\Ionic_Polymer_Glove\Read_Reference_Sensor\setup\
Log Folder: D:\Ionic_Polymer_Glove\Read_Reference_Sensor\log\
Given Version: 1.0.0.0
Root Folder: D:\Ionic_Polymer_Glove\Read_Reference_Sensor\
HwPlugins Folder: D:\Ionic_Polymer_Glove\Read_Reference_Sensor\HwPlugins\
ProcPlugins Folder: D:\Ionic_Polymer_Glove\Read_Reference_Sensor\ProcPlugins\
Given Local Root Folder: 
Local Root Folder: D:\Ionic_Polymer_Glove\Read_Reference_Sensor
Setup Folder: D:\Ionic_Polymer_Glove\Read_Reference_Sensor\setup\
Log Folder: D:\Ionic_Polymer_Glove\Read_Reference_Sensor\log\
Given Version: 1.0.0.0
Root Folder: D:\Ionic_Polymer_Glove\Read_Reference_Sensor\
HwPlugins Folder: D:\Ionic_Polymer_Glove\Read_Reference_Sensor\HwPlugins\
ProcPlugins Folder: D:\Ionic_Polymer_Glove\Read_Reference_Sensor\ProcPlugins\
Given Local Root Folder: 
Local Root Folder: D:\Ionic_Polymer_Glove\Read_Reference_Sensor
Setup Folder: D:\Ionic_Polymer_Glove\Read_Reference_Sensor\setup\
Log Folder: D:\Ionic_Polymer_Glove\Read_Reference_Sensor\log\
Given Version: 1.0.0.0
Root Folder: D:\Ionic_Polymer_Glove\Read_Reference_Sensor\
HwPlugins Folder: D:\Ionic_Polymer_Glove\Read_Reference_Sensor\HwPlugins\
ProcPlugins Folder: D:\Ionic_Polymer_Glove\Read_Reference_Sensor\ProcPlugins\
Given Local Root Folder: 
Local Root Folder: D:\Ionic_Polymer_Glove\Read_Reference_Sensor
Setup Folder: D:\Ionic_Polymer_Glove\Read_Reference_Sensor\setup\
Log Folder: D:\Ionic_Polymer_Glove\Read_Reference_Sensor\log\
Given Version: 1.0.0.0
Root Folder: D:\Ionic_Polymer_Glove\Read_Reference_Sensor\
HwPlugins Folder: D:\Ionic_Polymer_Glove\Read_Reference_Sensor\HwPlugins\
ProcPlugins Folder: D:\Ionic_Polymer_Glove\Read_Reference_Sensor\ProcPlugins\
Given Local Root Folder: 
Local Root Folder: D:\Ionic_Polymer_Glove\Read_Reference_Sensor
Setup Folder: D:\Ionic_Polymer_Glove\Read_Reference_Sensor\setup\
Log Folder: D:\Ionic_Polymer_Glove\Read_Reference_Sensor\log\
Given Version: 1.0.0.0
Root Folder: D:\Ionic_Polymer_Glove\Read_Reference_Sensor\
HwPlugins Folder: D:\Ionic_Polymer_Glove\Read_Reference_Sensor\HwPlugins\
ProcPlugins Folder: D:\Ionic_Polymer_Glove\Read_Reference_Sensor\ProcPlugins\
Given Local Root Folder: 
Local Root Folder: D:\Ionic_Polymer_Glove\Read_Reference_Sensor
Setup Folder: D:\Ionic_Polymer_Glove\Read_Reference_Sensor\setup\
Log Folder: D:\Ionic_Polymer_Glove\Read_Reference_Sensor\log\
Given Version: 1.0.0.0
Root Folder: D:\Ionic_Polymer_Glove\Read_Reference_Sensor\
HwPlugins Folder: D:\Ionic_Polymer_Glove\Read_Reference_Sensor\HwPlugins\
ProcPlugins Folder: D:\Ionic_Polymer_Glove\Read_Reference_Sensor\ProcPlugins\
Given Local Root Folder: 
Local Root Folder: D:\Ionic_Polymer_Glove\Read_Reference_Sensor
Setup Folder: D:\Ionic_Polymer_Glove\Read_Reference_Sensor\setup\
Log Folder: D:\Ionic_Polymer_Glove\Read_Reference_Sensor\log\
Given Version: 1.0.0.0
Root Folder: D:\Ionic_Polymer_Glove\Read_Reference_Sensor\
HwPlugins Folder: D:\Ionic_Polymer_Glove\Read_Reference_Sensor\HwPlugins\
ProcPlugins Folder: D:\Ionic_Polymer_Glove\Read_Reference_Sensor\ProcPlugins\
Given Local Root Folder: 
Local Root Folder: D:\Ionic_Polymer_Glove\Read_Reference_Sensor
Setup Folder: D:\Ionic_Polymer_Glove\Read_Reference_Sensor\setup\
Log Folder: D:\Ionic_Polymer_Glove\Read_Reference_Sensor\log\
Given Version: 1.0.0.0
Root Folder: D:\Ionic_Polymer_Glove\Read_Reference_Sensor\
HwPlugins Folder: D:\Ionic_Polymer_Glove\Read_Reference_Sensor\HwPlugins\
ProcPlugins Folder: D:\Ionic_Polymer_Glove\Read_Reference_Sensor\ProcPlugins\
Given Local Root Folder: 
Local Root Folder: D:\Ionic_Polymer_Glove\Read_Reference_Sensor
Setup Folder: D:\Ionic_Polymer_Glove\Read_Reference_Sensor\setup\
Log Folder: D:\Ionic_Polymer_Glove\Read_Reference_Sensor\log\
Given Version: 1.0.0.0
Root Folder: D:\Ionic_Polymer_Glove\Read_Reference_Sensor\
HwPlugins Folder: D:\Ionic_Polymer_Glove\Read_Reference_Sensor\HwPlugins\
ProcPlugins Folder: D:\Ionic_Polymer_Glove\Read_Reference_Sensor\ProcPlugins\
Given Local Root Folder: 
Local Root Folder: D:\Ionic_Polymer_Glove\Read_Reference_Sensor
Setup Folder: D:\Ionic_Polymer_Glove\Read_Reference_Sensor\setup\
Log Folder: D:\Ionic_Polymer_Glove\Read_Reference_Sensor\log\
Given Version: 1.0.0.0
