Log file F:\Cruzer USB\Research\sensorized-glove\Code\PPS Load Cell\PPS API\C++Samples\log\HwManager_00000015C624A400.log created on 2018-07-06 at 11:49:33 AM
System Logging Level = 2
Creating Hardware Manager 00000015C624A400...
Using Plugin folder of F:\Cruzer USB\Research\sensorized-glove\Code\PPS Load Cell\PPS API\bin\x64\HwPlugins\
Building factory using searchPath F:\Cruzer USB\Research\sensorized-glove\Code\PPS Load Cell\PPS API\bin\x64\HwPlugins\Hw*Lib.dll
Loading HwArrayG2Lib.dll...success!
Loading HWArrayG3Lib.dll...success!
Loading HwD600Lib.dll...success!
Loading HwDigiUsbLib.dll...success!
Loading HWEmulatorLib.dll...success!
Loading HWLoadstarLib.dll...success!
Loading HwMensorLib.dll...success!
Loading HwNidaqLib.dll...success!
Loading HwOmegaTempLib.dll...success!
Loading HwReferenceLib.dll...success!
Loading HWTileLib.dll...success!
Built factory for 11 plugins:
ArrayG2 ArrayG3 D600 DigiUsb Emulator Loadstar Mensor Nidaq OmegaTemp Reference Tile 

Attaching device type D600 from file F:\Cruzer USB\Research\sensorized-glove\Code\PPS Load Cell\PPS API\C++Samples\setup\FingerTPS-hw.txt
1182: Constructor found in factory.
1312: Device created.
Resizing buffer to 36000 frames, recordsize = 12
Attaching device type Reference from file F:\Cruzer USB\Research\sensorized-glove\Code\PPS Load Cell\PPS API\C++Samples\setup\Reference_hw.txt
1583: Constructor found in factory.
1672: Device created.
3703: Starting acquisition threads...
3723: Device 0: Success. 3773: Device 1: Success. Done
5124: Stopping acquisition thread:Device 0: was already terminated.
Device 1: is alive. Terminating... done.
5414: Stopping acquisition thread:Device 0: was already terminated.
Device 1: was already terminated.
Destroying Hardware Manager 00000015C624A400
Factory is purged
