Log file D:\Ionic_Polymer_Glove\sensorized-glove\Code\GUI\Matlab\log\HwManager_00000000F467AAC0.log created on 2018-08-21 at 04:23:17 PM
System Logging Level = 2
Creating Hardware Manager 00000000F467AAC0...
Using Plugin folder of D:\Ionic_Polymer_Glove\sensorized-glove\Code\GUI\Matlab\HwPlugins\
Building factory using searchPath D:\Ionic_Polymer_Glove\sensorized-glove\Code\GUI\Matlab\HwPlugins\Hw*Lib.dll
Loading HwArrayG2Lib.dll...success!
Loading HWArrayG3Lib.dll...success!
Loading HwD600Lib.dll...success!
Loading HwDigiUsbLib.dll...success!
Loading HWEmulatorLib.dll...success!
Loading HWLoadstarLib.dll...success!
Loading HwMensorLib.dll...success!
Loading HwNidaqLib.dll...success!
Loading HwOmegaTempLib.dll...success!
Loading HwReferenceLib.dll...success!
Loading HWTileLib.dll...success!
Built factory for 11 plugins:
ArrayG2 ArrayG3 D600 DigiUsb Emulator Loadstar Mensor Nidaq OmegaTemp Reference Tile 

Attaching device type Reference from file D:\Ionic_Polymer_Glove\sensorized-glove\Code\GUI\Matlab\setup\Reference_hw.txt
90: Constructor found in factory.
90: Device created.
190: Starting acquisition threads...
190: Device 0: Success. Done
4423: Stopping acquisition thread:Device 0: is alive. Terminating... done.
Destroying Hardware Manager 00000000F467AAC0
Factory is purged
