Log file D:\Ionic_Polymer_Glove\sensorized-glove\Code\GUI\Matlab\log\HwManager_00000000132CAAC0.log created on 2018-08-17 at 03:22:17 PM
System Logging Level = 2
Creating Hardware Manager 00000000132CAAC0...
Using Plugin folder of D:\Ionic_Polymer_Glove\sensorized-glove\Code\GUI\Matlab\HwPlugins\
Building factory using searchPath D:\Ionic_Polymer_Glove\sensorized-glove\Code\GUI\Matlab\HwPlugins\Hw*Lib.dll
Loading HwArrayG2Lib.dll...success!
Loading HWArrayG3Lib.dll...success!
Loading HwD600Lib.dll...success!
Loading HwDigiUsbLib.dll...success!
Loading HWEmulatorLib.dll...success!
Loading HWLoadstarLib.dll...success!
Loading HwMensorLib.dll...success!
Loading HwNidaqLib.dll...success!
Loading HwOmegaTempLib.dll...success!
Loading HwReferenceLib.dll...success!
Loading HWTileLib.dll...success!
Built factory for 11 plugins:
ArrayG2 ArrayG3 D600 DigiUsb Emulator Loadstar Mensor Nidaq OmegaTemp Reference Tile 

Attaching device type Reference from file D:\Ionic_Polymer_Glove\sensorized-glove\Code\GUI\Matlab\setup\Reference_hw.txt
95: Constructor found in factory.
105: Device created.
194: Starting acquisition threads...
195: Device 0: Success. Done
6305: Stopping acquisition thread:Device 0: is alive. Terminating... done.
Destroying Hardware Manager 00000000132CAAC0
Factory is purged
