Log file F:\sensorized-glove\Code\PPS Load Cell\PPS API\CSharpSample\obj\x64\Debug\log\ProcFactory_00000001800E8A28.log created on 2018-07-16 at 01:34:22 PM
System Logging Level = 2
Searching F:\sensorized-glove\Code\PPS Load Cell\PPS API\CSharpSample\obj\x64\Debug\ProcPlugins\*.dll for processing plugins.
Trying to load FilterBaselineDriftLib.dll...success.
Loading builder...success. Builder is for FilterBaselineDrift
Trying to load FilterButterworthLib.dll...success.
Loading builder...success. Builder is for FilterButterworth
Trying to load FilterExpDecayLib.dll...success.
Loading builder...success. Builder is for FilterExpDecay
Trying to load FilterInverseLinearLib.dll...success.
Loading builder...success. Builder is for FilterInverseLinear
Trying to load FilterMedianLib.dll...success.
Loading builder...success. Builder is for FilterMedian
Trying to load FilterRepairLib.dll...success.
Loading builder...success. Builder is for FilterRepair
Trying to load FilterTimeAveLib.dll...success.
Loading builder...success. Builder is for FilterTimeAve
Trying to load FilterTimeIntegralLib.dll...success.
Loading builder...success. Builder is for FilterTimeIntegral
Trying to load FilterTimeMaxLib.dll...success.
Loading builder...success. Builder is for FilterTimeMax
Trying to load FilterTimeStdevLib.dll...success.
Loading builder...success. Builder is for FilterTimeStdev
Trying to load ProcContactLib.dll...success.
Loading builder...success. Builder is for ProcContact
Trying to load ProcCoPLib.dll...success.
Loading builder...success. Builder is for ProcCoP
Trying to load ProcFrameAveLib.dll...success.
Loading builder...success. Builder is for ProcFrameAve
Trying to load ProcFrameMaxLib.dll...success.
Loading builder...success. Builder is for ProcFrameMax
Trying to load ProcFrameMinLib.dll...success.
Loading builder...success. Builder is for ProcFrameMin
Trying to load ProcFramePeakLocnLib.dll...success.
Loading builder...success. Builder is for ProcFramePeakLocn
Trying to load ProcFrameTotLib.dll...success.
Loading builder...success. Builder is for ProcFrameTot
Built factory for 17 dynamic plugins.
Creating processor from FilterMedian 3 12 0 1 2 3 4 5 6 7 8 9 10 11
Name = FilterMedian; Config = 3 12 0 1 2 3 4 5 6 7 8 9 10 11
Getting builder...success.
Building processor for FilterMedian...successfully built 12 nodes.
After adding new ones, total processor list is 12
Creating processor from FilterExpDecay 2 12 0 1 2 3 4 5 6 7 8 9 10 11
Name = FilterExpDecay; Config = 2 12 0 1 2 3 4 5 6 7 8 9 10 11
Getting builder...success.
Building processor for FilterExpDecay...successfully built 12 nodes.
After adding new ones, total processor list is 12
Creating processor from FilterMedian 3 1 0
Name = FilterMedian; Config = 3 1 0
Getting builder...success.
Building processor for FilterMedian...successfully built 1 nodes.
After adding new ones, total processor list is 1
Creating processor from FilterExpDecay 2 1 0
Name = FilterExpDecay; Config = 2 1 0
Getting builder...success.
Building processor for FilterExpDecay...successfully built 1 nodes.
After adding new ones, total processor list is 1
Creating processor from ProcScale  000000001B78E6D0 0 3 0 1 2 
Name = ProcScale; Config = 000000001B78E6D0 0 3 0 1 2 
Getting builder...success.
Building processor for ProcScale...successfully built 3 nodes.
After adding new ones, total processor list is 3
Creating processor from ProcScale  000000001B78C130 0 1 3 
Name = ProcScale; Config = 000000001B78C130 0 1 3 
Getting builder...success.
Building processor for ProcScale...successfully built 1 nodes.
After adding new ones, total processor list is 1
Creating processor from FilterMedian 3 4 0 1 2 3
Name = FilterMedian; Config = 3 4 0 1 2 3
Getting builder...success.
Building processor for FilterMedian...successfully built 4 nodes.
After adding new ones, total processor list is 4
Creating processor from FilterExpDecay 2 4 0 1 2 3
Name = FilterExpDecay; Config = 2 4 0 1 2 3
Getting builder...success.
Building processor for FilterExpDecay...successfully built 4 nodes.
After adding new ones, total processor list is 4
