Log file F:\sensorized-glove\Code\PPS Load Cell\PPS API\bin\x64\log\HwManager_00000072C7C970E0.log created on 2018-07-16 at 01:35:53 PM
System Logging Level = 2
Creating Hardware Manager 00000072C7C970E0...
Using Plugin folder of F:\sensorized-glove\Code\PPS Load Cell\PPS API\bin\x64\HwPlugins\
Building factory using searchPath F:\sensorized-glove\Code\PPS Load Cell\PPS API\bin\x64\HwPlugins\Hw*Lib.dll
Loading HwArrayG2Lib.dll...success!
Loading HWArrayG3Lib.dll...success!
Loading HwD600Lib.dll...success!
Loading HwDigiUsbLib.dll...success!
Loading HWEmulatorLib.dll...success!
Loading HWLoadstarLib.dll...success!
Loading HwMensorLib.dll...success!
Loading HwNidaqLib.dll...success!
Loading HwOmegaTempLib.dll...success!
Loading HwReferenceLib.dll...success!
Loading HWTileLib.dll...success!
Built factory for 11 plugins:
ArrayG2 ArrayG3 D600 DigiUsb Emulator Loadstar Mensor Nidaq OmegaTemp Reference Tile 

Attaching device type Emulator from file F:\sensorized-glove\Code\PPS Load Cell\PPS API\bin\x64\setup\#256 50
840: Constructor found in factory.
930: Device created.
Resizing buffer to 10000 frames, recordsize = 256
1290: Starting acquisition threads...
1310: Device 0: Success. Done
5380: Stopping acquisition thread:Device 0: is alive. Terminating... done.
Destroying Hardware Manager 00000072C7C970E0
Factory is purged
